TN:
SF:server.js
FN:12,(anonymous_0)
FN:23,(anonymous_1)
FN:38,(anonymous_2)
FN:66,(anonymous_3)
FNF:4
FNH:3
FNDA:2,(anonymous_0)
FNDA:2,(anonymous_1)
FNDA:0,(anonymous_2)
FNDA:1,(anonymous_3)
DA:1,1
DA:2,1
DA:4,1
DA:5,1
DA:6,1
DA:9,1
DA:12,1
DA:13,2
DA:14,2
DA:15,2
DA:17,0
DA:18,0
DA:23,1
DA:24,2
DA:25,2
DA:26,2
DA:27,2
DA:28,1
DA:30,1
DA:32,0
DA:33,0
DA:38,1
DA:39,0
DA:40,0
DA:49,0
DA:50,0
DA:52,0
DA:57,0
DA:58,0
DA:61,0
DA:66,1
DA:67,1
DA:70,1
LF:33
LH:21
BRDA:18,0,0,0
BRDA:18,0,1,0
BRDA:27,1,0,1
BRDA:27,1,1,1
BRDA:33,2,0,0
BRDA:33,2,1,0
BRF:6
BRH:2
end_of_record
