<?xml version="1.0" encoding="UTF-8"?>
<coverage generated="1725524589158" clover="3.2.0">
  <project timestamp="1725524589158" name="All files">
    <metrics statements="22" coveredstatements="14" conditionals="0" coveredconditionals="0" methods="3" coveredmethods="2" elements="25" coveredelements="16" complexity="0" loc="22" ncloc="22" packages="1" files="1" classes="1"/>
    <file name="server.js" path="C:\Users\Asus\Documents\GitHub\IITC-Bootcamp\September 2024\04.09.2024\server.js">
      <metrics statements="22" coveredstatements="14" conditionals="0" coveredconditionals="0" methods="3" coveredmethods="2"/>
      <line num="1" count="1" type="stmt"/>
      <line num="2" count="1" type="stmt"/>
      <line num="4" count="1" type="stmt"/>
      <line num="5" count="1" type="stmt"/>
      <line num="7" count="1" type="stmt"/>
      <line num="9" count="1" type="stmt"/>
      <line num="12" count="1" type="stmt"/>
      <line num="13" count="2" type="stmt"/>
      <line num="14" count="2" type="stmt"/>
      <line num="15" count="2" type="stmt"/>
      <line num="17" count="0" type="stmt"/>
      <line num="18" count="0" type="stmt"/>
      <line num="23" count="1" type="stmt"/>
      <line num="24" count="0" type="stmt"/>
      <line num="26" count="0" type="stmt"/>
      <line num="40" count="0" type="stmt"/>
      <line num="41" count="0" type="stmt"/>
      <line num="44" count="0" type="stmt"/>
      <line num="50" count="0" type="stmt"/>
      <line num="58" count="1" type="stmt"/>
      <line num="59" count="1" type="stmt"/>
      <line num="62" count="1" type="stmt"/>
    </file>
  </project>
</coverage>
