{"C:\\Users\\Asus\\Documents\\GitHub\\IITC-Bootcamp\\September 2024\\04.09.2024\\server.js": {"path":"C:\\Users\\Asus\\Documents\\GitHub\\IITC-Bootcamp\\September 2024\\04.09.2024\\server.js","statementMap":{"0":{"start":{"line":1,"column":16},"end":{"line":1,"column":34}},"1":{"start":{"line":2,"column":14},"end":{"line":2,"column":30}},"2":{"start":{"line":4,"column":12},"end":{"line":4,"column":21}},"3":{"start":{"line":5,"column":13},"end":{"line":5,"column":17}},"4":{"start":{"line":6,"column":16},"end":{"line":6,"column":42}},"5":{"start":{"line":9,"column":0},"end":{"line":9,"column":24}},"6":{"start":{"line":12,"column":0},"end":{"line":20,"column":3}},"7":{"start":{"line":13,"column":4},"end":{"line":19,"column":5}},"8":{"start":{"line":14,"column":25},"end":{"line":14,"column":63}},"9":{"start":{"line":15,"column":8},"end":{"line":15,"column":32}},"10":{"start":{"line":17,"column":8},"end":{"line":17,"column":65}},"11":{"start":{"line":18,"column":8},"end":{"line":18,"column":96}},"12":{"start":{"line":23,"column":0},"end":{"line":35,"column":3}},"13":{"start":{"line":24,"column":19},"end":{"line":24,"column":29}},"14":{"start":{"line":25,"column":4},"end":{"line":34,"column":5}},"15":{"start":{"line":26,"column":25},"end":{"line":26,"column":69}},"16":{"start":{"line":27,"column":8},"end":{"line":29,"column":9}},"17":{"start":{"line":28,"column":12},"end":{"line":28,"column":80}},"18":{"start":{"line":30,"column":8},"end":{"line":30,"column":32}},"19":{"start":{"line":32,"column":8},"end":{"line":32,"column":64}},"20":{"start":{"line":33,"column":8},"end":{"line":33,"column":96}},"21":{"start":{"line":38,"column":0},"end":{"line":63,"column":3}},"22":{"start":{"line":39,"column":4},"end":{"line":62,"column":5}},"23":{"start":{"line":40,"column":28},"end":{"line":46,"column":9}},"24":{"start":{"line":49,"column":31},"end":{"line":49,"column":52}},"25":{"start":{"line":50,"column":25},"end":{"line":50,"column":70}},"26":{"start":{"line":52,"column":8},"end":{"line":55,"column":11}},"27":{"start":{"line":57,"column":8},"end":{"line":57,"column":66}},"28":{"start":{"line":58,"column":8},"end":{"line":61,"column":11}},"29":{"start":{"line":61,"column":11},"end":{"line":61,"column":12}},"30":{"start":{"line":66,"column":0},"end":{"line":68,"column":3}},"31":{"start":{"line":67,"column":4},"end":{"line":67,"column":65}},"32":{"start":{"line":70,"column":0},"end":{"line":70,"column":21}}},"fnMap":{"0":{"name":"(anonymous_0)","decl":{"start":{"line":12,"column":21},"end":{"line":12,"column":22}},"loc":{"start":{"line":12,"column":41},"end":{"line":20,"column":1}},"line":12},"1":{"name":"(anonymous_1)","decl":{"start":{"line":23,"column":25},"end":{"line":23,"column":26}},"loc":{"start":{"line":23,"column":45},"end":{"line":35,"column":1}},"line":23},"2":{"name":"(anonymous_2)","decl":{"start":{"line":38,"column":26},"end":{"line":38,"column":27}},"loc":{"start":{"line":38,"column":46},"end":{"line":63,"column":1}},"line":38},"3":{"name":"(anonymous_3)","decl":{"start":{"line":66,"column":17},"end":{"line":66,"column":18}},"loc":{"start":{"line":66,"column":23},"end":{"line":68,"column":1}},"line":66}},"branchMap":{"0":{"loc":{"start":{"line":18,"column":19},"end":{"line":18,"column":63}},"type":"cond-expr","locations":[{"start":{"line":18,"column":36},"end":{"line":18,"column":57}},{"start":{"line":18,"column":60},"end":{"line":18,"column":63}}],"line":18},"1":{"loc":{"start":{"line":27,"column":8},"end":{"line":29,"column":9}},"type":"if","locations":[{"start":{"line":27,"column":8},"end":{"line":29,"column":9}},{"start":{},"end":{}}],"line":27},"2":{"loc":{"start":{"line":33,"column":19},"end":{"line":33,"column":63}},"type":"cond-expr","locations":[{"start":{"line":33,"column":36},"end":{"line":33,"column":57}},{"start":{"line":33,"column":60},"end":{"line":33,"column":63}}],"line":33}},"s":{"0":1,"1":1,"2":1,"3":1,"4":1,"5":1,"6":1,"7":2,"8":2,"9":2,"10":0,"11":0,"12":1,"13":2,"14":2,"15":2,"16":2,"17":1,"18":1,"19":0,"20":0,"21":1,"22":0,"23":0,"24":0,"25":0,"26":0,"27":0,"28":0,"29":0,"30":1,"31":1,"32":1},"f":{"0":2,"1":2,"2":0,"3":1},"b":{"0":[0,0],"1":[1,1],"2":[0,0]},"_coverageSchema":"1a1c01bbd47fc00a2c39e90264f33305004495a9","hash":"aea26bac6c687948d532ed91f2aa3892a096be5d"}
}
