{"C:\\Users\\Asus\\Documents\\GitHub\\IITC-Bootcamp\\September 2024\\04.09.2024\\server.js": {"path":"C:\\Users\\Asus\\Documents\\GitHub\\IITC-Bootcamp\\September 2024\\04.09.2024\\server.js","statementMap":{"0":{"start":{"line":1,"column":14},"end":{"line":1,"column":30}},"1":{"start":{"line":2,"column":16},"end":{"line":2,"column":34}},"2":{"start":{"line":4,"column":12},"end":{"line":4,"column":21}},"3":{"start":{"line":5,"column":13},"end":{"line":5,"column":17}},"4":{"start":{"line":7,"column":16},"end":{"line":7,"column":42}},"5":{"start":{"line":9,"column":0},"end":{"line":9,"column":24}},"6":{"start":{"line":12,"column":0},"end":{"line":20,"column":3}},"7":{"start":{"line":13,"column":2},"end":{"line":19,"column":3}},"8":{"start":{"line":14,"column":21},"end":{"line":14,"column":59}},"9":{"start":{"line":15,"column":4},"end":{"line":15,"column":28}},"10":{"start":{"line":17,"column":4},"end":{"line":17,"column":49}},"11":{"start":{"line":18,"column":4},"end":{"line":18,"column":41}},"12":{"start":{"line":23,"column":0},"end":{"line":55,"column":3}},"13":{"start":{"line":24,"column":2},"end":{"line":54,"column":3}},"14":{"start":{"line":26,"column":24},"end":{"line":37,"column":5}},"15":{"start":{"line":40,"column":27},"end":{"line":40,"column":39}},"16":{"start":{"line":41,"column":21},"end":{"line":41,"column":66}},"17":{"start":{"line":44,"column":4},"end":{"line":47,"column":7}},"18":{"start":{"line":50,"column":4},"end":{"line":53,"column":7}},"19":{"start":{"line":58,"column":0},"end":{"line":60,"column":3}},"20":{"start":{"line":59,"column":2},"end":{"line":59,"column":63}},"21":{"start":{"line":62,"column":0},"end":{"line":62,"column":21}}},"fnMap":{"0":{"name":"(anonymous_0)","decl":{"start":{"line":12,"column":21},"end":{"line":12,"column":22}},"loc":{"start":{"line":12,"column":41},"end":{"line":20,"column":1}},"line":12},"1":{"name":"(anonymous_1)","decl":{"start":{"line":23,"column":26},"end":{"line":23,"column":27}},"loc":{"start":{"line":23,"column":46},"end":{"line":55,"column":1}},"line":23},"2":{"name":"(anonymous_2)","decl":{"start":{"line":58,"column":17},"end":{"line":58,"column":18}},"loc":{"start":{"line":58,"column":23},"end":{"line":60,"column":1}},"line":58}},"branchMap":{},"s":{"0":1,"1":1,"2":1,"3":1,"4":1,"5":1,"6":1,"7":2,"8":2,"9":2,"10":0,"11":0,"12":1,"13":0,"14":0,"15":0,"16":0,"17":0,"18":0,"19":1,"20":1,"21":1},"f":{"0":2,"1":0,"2":1},"b":{},"_coverageSchema":"1a1c01bbd47fc00a2c39e90264f33305004495a9","hash":"66b22e60b12a3ca8776ec3d37e4d12e1eb383b1e"}
}
